This is pdfTeX, Version 3.14159265-2.6-1.40.18 (TeX Live 2017/Debian) (preloaded format=pdflatex 2018.5.2)  23 JUL 2018 05:11
entering extended mode
 restricted \write18 enabled.
 %&-line parsing enabled.
**weather.tex
(./weather.tex
LaTeX2e <2017-04-15>
Babel <3.18> and hyphenation patterns for 29 language(s) loaded.
(/usr/share/texlive/texmf-dist/tex/latex/base/article.cls
Document Class: article 2014/09/29 v1.4h Standard LaTeX document class
(/usr/share/texlive/texmf-dist/tex/latex/base/size10.clo
File: size10.clo 2014/09/29 v1.4h Standard LaTeX file (size option)
)
\c@part=\count79
\c@section=\count80
\c@subsection=\count81
\c@subsubsection=\count82
\c@paragraph=\count83
\c@subparagraph=\count84
\c@figure=\count85
\c@table=\count86
\abovecaptionskip=\skip41
\belowcaptionskip=\skip42
\bibindent=\dimen102
)
(/usr/share/texlive/texmf-dist/tex/latex/geometry/geometry.sty
Package: geometry 2010/09/12 v5.6 Page Geometry

(/usr/share/texlive/texmf-dist/tex/latex/graphics/keyval.sty
Package: keyval 2014/10/28 v1.15 key=value parser (DPC)
\KV@toks@=\toks14
)
(/usr/share/texlive/texmf-dist/tex/generic/oberdiek/ifpdf.sty
Package: ifpdf 2017/03/15 v3.2 Provides the ifpdf switch
)
(/usr/share/texlive/texmf-dist/tex/generic/oberdiek/ifvtex.sty
Package: ifvtex 2016/05/16 v1.6 Detect VTeX and its facilities (HO)
Package ifvtex Info: VTeX not detected.
)
(/usr/share/texlive/texmf-dist/tex/generic/ifxetex/ifxetex.sty
Package: ifxetex 2010/09/12 v0.6 Provides ifxetex conditional
)
\Gm@cnth=\count87
\Gm@cntv=\count88
\c@Gm@tempcnt=\count89
\Gm@bindingoffset=\dimen103
\Gm@wd@mp=\dimen104
\Gm@odd@mp=\dimen105
\Gm@even@mp=\dimen106
\Gm@layoutwidth=\dimen107
\Gm@layoutheight=\dimen108
\Gm@layouthoffset=\dimen109
\Gm@layoutvoffset=\dimen110
\Gm@dimlist=\toks15
)
(/usr/share/texlive/texmf-dist/tex/latex/graphics/graphicx.sty
Package: graphicx 2017/06/01 v1.1a Enhanced LaTeX Graphics (DPC,SPQR)

(/usr/share/texlive/texmf-dist/tex/latex/graphics/graphics.sty
Package: graphics 2017/06/25 v1.2c Standard LaTeX Graphics (DPC,SPQR)

(/usr/share/texlive/texmf-dist/tex/latex/graphics/trig.sty
Package: trig 2016/01/03 v1.10 sin cos tan (DPC)
)
(/usr/share/texlive/texmf-dist/tex/latex/graphics-cfg/graphics.cfg
File: graphics.cfg 2016/06/04 v1.11 sample graphics configuration
)
Package graphics Info: Driver file: pdftex.def on input line 99.

(/usr/share/texlive/texmf-dist/tex/latex/graphics-def/pdftex.def
File: pdftex.def 2018/01/08 v1.0l Graphics/color driver for pdftex
))
\Gin@req@height=\dimen111
\Gin@req@width=\dimen112
)
(/usr/share/texlive/texmf-dist/tex/latex/xcolor/xcolor.sty
Package: xcolor 2016/05/11 v2.12 LaTeX color extensions (UK)

(/usr/share/texlive/texmf-dist/tex/latex/graphics-cfg/color.cfg
File: color.cfg 2016/01/02 v1.6 sample color configuration
)
Package xcolor Info: Driver file: pdftex.def on input line 225.
Package xcolor Info: Model `cmy' substituted by `cmy0' on input line 1348.
Package xcolor Info: Model `hsb' substituted by `rgb' on input line 1352.
Package xcolor Info: Model `RGB' extended on input line 1364.
Package xcolor Info: Model `HTML' substituted by `rgb' on input line 1366.
Package xcolor Info: Model `Hsb' substituted by `hsb' on input line 1367.
Package xcolor Info: Model `tHsb' substituted by `hsb' on input line 1368.
Package xcolor Info: Model `HSB' substituted by `hsb' on input line 1369.
Package xcolor Info: Model `Gray' substituted by `gray' on input line 1370.
Package xcolor Info: Model `wave' substituted by `hsb' on input line 1371.

(/usr/share/texlive/texmf-dist/tex/latex/graphics/dvipsnam.def
File: dvipsnam.def 2016/06/17 v3.0m Driver-dependent file (DPC,SPQR)
))
(/usr/share/texlive/texmf-dist/tex/latex/pdfpages/pdfpages.sty
Package: pdfpages 2017/10/31 v0.5l Insert pages of external PDF documents (AM)

(/usr/share/texlive/texmf-dist/tex/latex/base/ifthen.sty
Package: ifthen 2014/09/29 v1.1c Standard LaTeX ifthen package (DPC)
)
(/usr/share/texlive/texmf-dist/tex/latex/tools/calc.sty
Package: calc 2014/10/28 v4.3 Infix arithmetic (KKT,FJ)
\calc@Acount=\count90
\calc@Bcount=\count91
\calc@Adimen=\dimen113
\calc@Bdimen=\dimen114
\calc@Askip=\skip43
\calc@Bskip=\skip44
LaTeX Info: Redefining \setlength on input line 80.
LaTeX Info: Redefining \addtolength on input line 81.
\calc@Ccount=\count92
\calc@Cskip=\skip45
)
(/usr/share/texlive/texmf-dist/tex/latex/eso-pic/eso-pic.sty
Package: eso-pic 2015/07/21 v2.0g eso-pic (RN)

(/usr/share/texlive/texmf-dist/tex/generic/oberdiek/atbegshi.sty
Package: atbegshi 2016/06/09 v1.18 At begin shipout hook (HO)

(/usr/share/texlive/texmf-dist/tex/generic/oberdiek/infwarerr.sty
Package: infwarerr 2016/05/16 v1.4 Providing info/warning/error messages (HO)
)
(/usr/share/texlive/texmf-dist/tex/generic/oberdiek/ltxcmds.sty
Package: ltxcmds 2016/05/16 v1.23 LaTeX kernel commands for general use (HO)
)))
\AM@pagewidth=\dimen115
\AM@pageheight=\dimen116

(/usr/share/texlive/texmf-dist/tex/latex/pdfpages/pppdftex.def
File: pppdftex.def 2017/10/31 v0.5l Pdfpages driver for pdfTeX (AM)
)
\AM@pagebox=\box26
\AM@global@opts=\toks16
\AM@toc@title=\toks17
\c@AM@survey=\count93
\AM@templatesizebox=\box27
)

LaTeX Warning: Unused global option(s):
    [14pt].

(./weather.aux)
\openout1 = `weather.aux'.

LaTeX Font Info:    Checking defaults for OML/cmm/m/it on input line 8.
LaTeX Font Info:    ... okay on input line 8.
LaTeX Font Info:    Checking defaults for T1/cmr/m/n on input line 8.
LaTeX Font Info:    ... okay on input line 8.
LaTeX Font Info:    Checking defaults for OT1/cmr/m/n on input line 8.
LaTeX Font Info:    ... okay on input line 8.
LaTeX Font Info:    Checking defaults for OMS/cmsy/m/n on input line 8.
LaTeX Font Info:    ... okay on input line 8.
LaTeX Font Info:    Checking defaults for OMX/cmex/m/n on input line 8.
LaTeX Font Info:    ... okay on input line 8.
LaTeX Font Info:    Checking defaults for U/cmr/m/n on input line 8.
LaTeX Font Info:    ... okay on input line 8.

*geometry* driver: auto-detecting
*geometry* detected driver: pdftex
*geometry* verbose mode - [ preamble ] result:
* driver: pdftex
* paper: a4paper
* layout: <same size as paper>
* layoutoffset:(h,v)=(0.0pt,0.0pt)
* modes: 
* h-part:(L,W,R)=(56.9055pt, 483.69687pt, 56.9055pt)
* v-part:(T,H,B)=(56.9055pt, 731.23584pt, 56.9055pt)
* \paperwidth=597.50787pt
* \paperheight=845.04684pt
* \textwidth=483.69687pt
* \textheight=731.23584pt
* \oddsidemargin=-15.36449pt
* \evensidemargin=-15.36449pt
* \topmargin=-52.36449pt
* \headheight=12.0pt
* \headsep=25.0pt
* \topskip=10.0pt
* \footskip=30.0pt
* \marginparwidth=57.0pt
* \marginparsep=11.0pt
* \columnsep=10.0pt
* \skip\footins=9.0pt plus 4.0pt minus 2.0pt
* \hoffset=0.0pt
* \voffset=0.0pt
* \mag=1000
* \@twocolumnfalse
* \@twosidefalse
* \@mparswitchfalse
* \@reversemarginfalse
* (1in=72.27pt=25.4mm, 1cm=28.453pt)

(/usr/share/texlive/texmf-dist/tex/context/base/mkii/supp-pdf.mkii
[Loading MPS to PDF converter (version 2006.09.02).]
\scratchcounter=\count94
\scratchdimen=\dimen117
\scratchbox=\box28
\nofMPsegments=\count95
\nofMParguments=\count96
\everyMPshowfont=\toks18
\MPscratchCnt=\count97
\MPscratchDim=\dimen118
\MPnumerator=\count98
\makeMPintoPDFobject=\count99
\everyMPtoPDFconversion=\toks19
) (/usr/share/texlive/texmf-dist/tex/latex/oberdiek/epstopdf-base.sty
Package: epstopdf-base 2016/05/15 v2.6 Base part for package epstopdf

(/usr/share/texlive/texmf-dist/tex/latex/oberdiek/grfext.sty
Package: grfext 2016/05/16 v1.2 Manage graphics extensions (HO)

(/usr/share/texlive/texmf-dist/tex/generic/oberdiek/kvdefinekeys.sty
Package: kvdefinekeys 2016/05/16 v1.4 Define keys (HO)
))
(/usr/share/texlive/texmf-dist/tex/latex/oberdiek/kvoptions.sty
Package: kvoptions 2016/05/16 v3.12 Key value format for package options (HO)

(/usr/share/texlive/texmf-dist/tex/generic/oberdiek/kvsetkeys.sty
Package: kvsetkeys 2016/05/16 v1.17 Key value parser (HO)

(/usr/share/texlive/texmf-dist/tex/generic/oberdiek/etexcmds.sty
Package: etexcmds 2016/05/16 v1.6 Avoid name clashes with e-TeX commands (HO)

(/usr/share/texlive/texmf-dist/tex/generic/oberdiek/ifluatex.sty
Package: ifluatex 2016/05/16 v1.4 Provides the ifluatex switch (HO)
Package ifluatex Info: LuaTeX not detected.
)
Package etexcmds Info: Could not find \expanded.
(etexcmds)             That can mean that you are not using pdfTeX 1.50 or
(etexcmds)             that some package has redefined \expanded.
(etexcmds)             In the latter case, load this package earlier.
)))
(/usr/share/texlive/texmf-dist/tex/generic/oberdiek/pdftexcmds.sty
Package: pdftexcmds 2018/01/21 v0.26 Utility functions of pdfTeX for LuaTeX (HO
)
Package pdftexcmds Info: LuaTeX not detected.
Package pdftexcmds Info: \pdf@primitive is available.
Package pdftexcmds Info: \pdf@ifprimitive is available.
Package pdftexcmds Info: \pdfdraftmode found.
)
Package epstopdf-base Info: Redefining graphics rule for `.eps' on input line 4
38.
Package grfext Info: Graphics extension search list:
(grfext)             [.pdf,.png,.jpg,.mps,.jpeg,.jbig2,.jb2,.PDF,.PNG,.JPG,.JPE
G,.JBIG2,.JB2,.eps]
(grfext)             \AppendGraphicsExtensions on input line 456.

(/usr/share/texlive/texmf-dist/tex/latex/latexconfig/epstopdf-sys.cfg
File: epstopdf-sys.cfg 2010/07/13 v1.3 Configuration of (r)epstopdf for TeX Liv
e
))
\AtBeginShipoutBox=\box29

(/usr/share/texlive/texmf-dist/tex/latex/oberdiek/pdflscape.sty
Package: pdflscape 2016/05/14 v0.11 Display of landscape pages in PDF (HO)

(/usr/share/texlive/texmf-dist/tex/latex/graphics/lscape.sty
Package: lscape 2000/10/22 v3.01 Landscape Pages (DPC)
)
Package pdflscape Info: Auto-detected driver: pdftex on input line 81.
)
LaTeX Font Info:    External font `cmex10' loaded for size
(Font)              <7> on input line 14.
LaTeX Font Info:    External font `cmex10' loaded for size
(Font)              <5> on input line 14.

Overfull \hbox (6.79999pt too wide) in paragraph at lines 14--14
 [][][] 
 []

<images/moon/0.png, id=1, 32.12pt x 32.12pt>
File: images/moon/0.png Graphic file (type png)
<use images/moon/0.png>
Package pdftex.def Info: images/moon/0.png  used on input line 26.
(pdftex.def)             Requested size: 13.37282pt x 13.37267pt.
<images/weather/weather1.png, id=3, 55.20625pt x 55.20625pt>
File: images/weather/weather1.png Graphic file (type png)
<use images/weather/weather1.png>
Package pdftex.def Info: images/weather/weather1.png  used on input line 26.
(pdftex.def)             Requested size: 25.6073pt x 25.60745pt.
<images/weather/wind0.png, id=4, 40.15pt x 40.15pt>
File: images/weather/wind0.png Graphic file (type png)
<use images/weather/wind0.png>
Package pdftex.def Info: images/weather/wind0.png  used on input line 26.
(pdftex.def)             Requested size: 25.6073pt x 25.60768pt.
<images/weather/blank.png, id=5, 55.20625pt x 55.20625pt>
File: images/weather/blank.png Graphic file (type png)
<use images/weather/blank.png>
Package pdftex.def Info: images/weather/blank.png  used on input line 26.
(pdftex.def)             Requested size: 14.22636pt x 14.22607pt.
File: images/weather/weather1.png Graphic file (type png)
<use images/weather/weather1.png>
Package pdftex.def Info: images/weather/weather1.png  used on input line 26.
(pdftex.def)             Requested size: 25.6073pt x 25.60745pt.
File: images/weather/wind0.png Graphic file (type png)
<use images/weather/wind0.png>
Package pdftex.def Info: images/weather/wind0.png  used on input line 26.
(pdftex.def)             Requested size: 25.6073pt x 25.60768pt.
File: images/weather/blank.png Graphic file (type png)
<use images/weather/blank.png>
Package pdftex.def Info: images/weather/blank.png  used on input line 26.
(pdftex.def)             Requested size: 14.22636pt x 14.22607pt.
File: images/weather/weather1.png Graphic file (type png)
<use images/weather/weather1.png>
Package pdftex.def Info: images/weather/weather1.png  used on input line 26.
(pdftex.def)             Requested size: 25.6073pt x 25.60745pt.
File: images/weather/wind0.png Graphic file (type png)
<use images/weather/wind0.png>
Package pdftex.def Info: images/weather/wind0.png  used on input line 26.
(pdftex.def)             Requested size: 25.6073pt x 25.60768pt.
<images/gods/manpeggon.png, id=6, 32.12pt x 32.12pt>
File: images/gods/manpeggon.png Graphic file (type png)
<use images/gods/manpeggon.png>
Package pdftex.def Info: images/gods/manpeggon.png  used on input line 26.
(pdftex.def)             Requested size: 14.22636pt x 14.22644pt.
File: images/weather/weather1.png Graphic file (type png)
<use images/weather/weather1.png>
Package pdftex.def Info: images/weather/weather1.png  used on input line 26.
(pdftex.def)             Requested size: 25.6073pt x 25.60745pt.
File: images/weather/wind0.png Graphic file (type png)
<use images/weather/wind0.png>
Package pdftex.def Info: images/weather/wind0.png  used on input line 26.
(pdftex.def)             Requested size: 25.6073pt x 25.60768pt.
File: images/weather/blank.png Graphic file (type png)
<use images/weather/blank.png>
Package pdftex.def Info: images/weather/blank.png  used on input line 26.
(pdftex.def)             Requested size: 14.22636pt x 14.22607pt.
File: images/weather/weather1.png Graphic file (type png)
<use images/weather/weather1.png>
Package pdftex.def Info: images/weather/weather1.png  used on input line 26.
(pdftex.def)             Requested size: 25.6073pt x 25.60745pt.
File: images/weather/wind0.png Graphic file (type png)
<use images/weather/wind0.png>
Package pdftex.def Info: images/weather/wind0.png  used on input line 26.
(pdftex.def)             Requested size: 25.6073pt x 25.60768pt.
File: images/weather/blank.png Graphic file (type png)
<use images/weather/blank.png>
Package pdftex.def Info: images/weather/blank.png  used on input line 26.
(pdftex.def)             Requested size: 14.22636pt x 14.22607pt.
File: images/weather/weather1.png Graphic file (type png)
<use images/weather/weather1.png>
Package pdftex.def Info: images/weather/weather1.png  used on input line 26.
(pdftex.def)             Requested size: 25.6073pt x 25.60745pt.
File: images/weather/wind0.png Graphic file (type png)
<use images/weather/wind0.png>
Package pdftex.def Info: images/weather/wind0.png  used on input line 26.
(pdftex.def)             Requested size: 25.6073pt x 25.60768pt.
File: images/weather/blank.png Graphic file (type png)
<use images/weather/blank.png>
Package pdftex.def Info: images/weather/blank.png  used on input line 26.
(pdftex.def)             Requested size: 14.22636pt x 14.22607pt.
<images/weather/weather4.png, id=7, 55.20625pt x 55.20625pt>
File: images/weather/weather4.png Graphic file (type png)
<use images/weather/weather4.png>
Package pdftex.def Info: images/weather/weather4.png  used on input line 26.
(pdftex.def)             Requested size: 25.6073pt x 25.60745pt.
File: images/weather/wind0.png Graphic file (type png)
<use images/weather/wind0.png>
Package pdftex.def Info: images/weather/wind0.png  used on input line 26.
(pdftex.def)             Requested size: 25.6073pt x 25.60768pt.
<images/moon/1.png, id=8, 32.12pt x 32.12pt>
File: images/moon/1.png Graphic file (type png)
<use images/moon/1.png>
Package pdftex.def Info: images/moon/1.png  used on input line 26.
(pdftex.def)             Requested size: 13.37282pt x 13.37267pt.
<images/weather/weather2.png, id=9, 55.20625pt x 55.20625pt>
File: images/weather/weather2.png Graphic file (type png)
<use images/weather/weather2.png>
Package pdftex.def Info: images/weather/weather2.png  used on input line 26.
(pdftex.def)             Requested size: 25.6073pt x 25.60745pt.
File: images/weather/wind0.png Graphic file (type png)
<use images/weather/wind0.png>
Package pdftex.def Info: images/weather/wind0.png  used on input line 26.
(pdftex.def)             Requested size: 25.6073pt x 25.60768pt.
File: images/weather/blank.png Graphic file (type png)
<use images/weather/blank.png>
Package pdftex.def Info: images/weather/blank.png  used on input line 26.
(pdftex.def)             Requested size: 14.22636pt x 14.22607pt.
File: images/weather/weather2.png Graphic file (type png)
<use images/weather/weather2.png>
Package pdftex.def Info: images/weather/weather2.png  used on input line 26.
(pdftex.def)             Requested size: 25.6073pt x 25.60745pt.
File: images/weather/wind0.png Graphic file (type png)
<use images/weather/wind0.png>
Package pdftex.def Info: images/weather/wind0.png  used on input line 26.
(pdftex.def)             Requested size: 25.6073pt x 25.60768pt.
File: images/weather/blank.png Graphic file (type png)
<use images/weather/blank.png>
Package pdftex.def Info: images/weather/blank.png  used on input line 26.
(pdftex.def)             Requested size: 14.22636pt x 14.22607pt.
File: images/weather/weather2.png Graphic file (type png)
<use images/weather/weather2.png>
Package pdftex.def Info: images/weather/weather2.png  used on input line 26.
(pdftex.def)             Requested size: 25.6073pt x 25.60745pt.
File: images/weather/wind0.png Graphic file (type png)
<use images/weather/wind0.png>
Package pdftex.def Info: images/weather/wind0.png  used on input line 26.
(pdftex.def)             Requested size: 25.6073pt x 25.60768pt.
File: images/weather/blank.png Graphic file (type png)
<use images/weather/blank.png>
Package pdftex.def Info: images/weather/blank.png  used on input line 26.
(pdftex.def)             Requested size: 14.22636pt x 14.22607pt.
File: images/weather/weather1.png Graphic file (type png)
<use images/weather/weather1.png>
Package pdftex.def Info: images/weather/weather1.png  used on input line 26.
(pdftex.def)             Requested size: 25.6073pt x 25.60745pt.
File: images/weather/wind0.png Graphic file (type png)
<use images/weather/wind0.png>
Package pdftex.def Info: images/weather/wind0.png  used on input line 26.
(pdftex.def)             Requested size: 25.6073pt x 25.60768pt.
File: images/weather/blank.png Graphic file (type png)
<use images/weather/blank.png>
Package pdftex.def Info: images/weather/blank.png  used on input line 26.
(pdftex.def)             Requested size: 14.22636pt x 14.22607pt.
File: images/weather/weather1.png Graphic file (type png)
<use images/weather/weather1.png>
Package pdftex.def Info: images/weather/weather1.png  used on input line 26.
(pdftex.def)             Requested size: 25.6073pt x 25.60745pt.
File: images/weather/wind0.png Graphic file (type png)
<use images/weather/wind0.png>
Package pdftex.def Info: images/weather/wind0.png  used on input line 26.
(pdftex.def)             Requested size: 25.6073pt x 25.60768pt.
File: images/weather/blank.png Graphic file (type png)
<use images/weather/blank.png>
Package pdftex.def Info: images/weather/blank.png  used on input line 26.
(pdftex.def)             Requested size: 14.22636pt x 14.22607pt.
File: images/weather/weather1.png Graphic file (type png)
<use images/weather/weather1.png>
Package pdftex.def Info: images/weather/weather1.png  used on input line 26.
(pdftex.def)             Requested size: 25.6073pt x 25.60745pt.
File: images/weather/wind0.png Graphic file (type png)
<use images/weather/wind0.png>
Package pdftex.def Info: images/weather/wind0.png  used on input line 26.
(pdftex.def)             Requested size: 25.6073pt x 25.60768pt.
File: images/weather/blank.png Graphic file (type png)
<use images/weather/blank.png>
Package pdftex.def Info: images/weather/blank.png  used on input line 26.
(pdftex.def)             Requested size: 14.22636pt x 14.22607pt.
File: images/weather/weather1.png Graphic file (type png)
<use images/weather/weather1.png>
Package pdftex.def Info: images/weather/weather1.png  used on input line 26.
(pdftex.def)             Requested size: 25.6073pt x 25.60745pt.
File: images/weather/wind0.png Graphic file (type png)
<use images/weather/wind0.png>
Package pdftex.def Info: images/weather/wind0.png  used on input line 26.
(pdftex.def)             Requested size: 25.6073pt x 25.60768pt.
<images/moon/2.png, id=10, 32.12pt x 32.12pt>
File: images/moon/2.png Graphic file (type png)
<use images/moon/2.png>
Package pdftex.def Info: images/moon/2.png  used on input line 26.
(pdftex.def)             Requested size: 13.37282pt x 13.37267pt.
File: images/weather/weather1.png Graphic file (type png)
<use images/weather/weather1.png>
Package pdftex.def Info: images/weather/weather1.png  used on input line 26.
(pdftex.def)             Requested size: 25.6073pt x 25.60745pt.
File: images/weather/wind0.png Graphic file (type png)
<use images/weather/wind0.png>
Package pdftex.def Info: images/weather/wind0.png  used on input line 26.
(pdftex.def)             Requested size: 25.6073pt x 25.60768pt.
File: images/weather/blank.png Graphic file (type png)
<use images/weather/blank.png>
Package pdftex.def Info: images/weather/blank.png  used on input line 26.
(pdftex.def)             Requested size: 14.22636pt x 14.22607pt.
File: images/weather/weather2.png Graphic file (type png)
<use images/weather/weather2.png>
Package pdftex.def Info: images/weather/weather2.png  used on input line 26.
(pdftex.def)             Requested size: 25.6073pt x 25.60745pt.
File: images/weather/wind0.png Graphic file (type png)
<use images/weather/wind0.png>
Package pdftex.def Info: images/weather/wind0.png  used on input line 26.
(pdftex.def)             Requested size: 25.6073pt x 25.60768pt.
File: images/weather/blank.png Graphic file (type png)
<use images/weather/blank.png>
Package pdftex.def Info: images/weather/blank.png  used on input line 26.
(pdftex.def)             Requested size: 14.22636pt x 14.22607pt.
File: images/weather/weather2.png Graphic file (type png)
<use images/weather/weather2.png>
Package pdftex.def Info: images/weather/weather2.png  used on input line 26.
(pdftex.def)             Requested size: 25.6073pt x 25.60745pt.
<images/weather/wind5.png, id=11, 40.15pt x 40.15pt>
File: images/weather/wind5.png Graphic file (type png)
<use images/weather/wind5.png>
Package pdftex.def Info: images/weather/wind5.png  used on input line 26.
(pdftex.def)             Requested size: 25.6073pt x 25.60768pt.
File: images/weather/blank.png Graphic file (type png)
<use images/weather/blank.png>
Package pdftex.def Info: images/weather/blank.png  used on input line 26.
(pdftex.def)             Requested size: 14.22636pt x 14.22607pt.
File: images/weather/weather2.png Graphic file (type png)
<use images/weather/weather2.png>
Package pdftex.def Info: images/weather/weather2.png  used on input line 26.
(pdftex.def)             Requested size: 25.6073pt x 25.60745pt.
File: images/weather/wind5.png Graphic file (type png)
<use images/weather/wind5.png>
Package pdftex.def Info: images/weather/wind5.png  used on input line 26.
(pdftex.def)             Requested size: 25.6073pt x 25.60768pt.
File: images/weather/blank.png Graphic file (type png)
<use images/weather/blank.png>
Package pdftex.def Info: images/weather/blank.png  used on input line 26.
(pdftex.def)             Requested size: 14.22636pt x 14.22607pt.
File: images/weather/weather2.png Graphic file (type png)
<use images/weather/weather2.png>
Package pdftex.def Info: images/weather/weather2.png  used on input line 26.
(pdftex.def)             Requested size: 25.6073pt x 25.60745pt.
File: images/weather/wind5.png Graphic file (type png)
<use images/weather/wind5.png>
Package pdftex.def Info: images/weather/wind5.png  used on input line 26.
(pdftex.def)             Requested size: 25.6073pt x 25.60768pt.
File: images/weather/blank.png Graphic file (type png)
<use images/weather/blank.png>
Package pdftex.def Info: images/weather/blank.png  used on input line 26.
(pdftex.def)             Requested size: 14.22636pt x 14.22607pt.
File: images/weather/weather2.png Graphic file (type png)
<use images/weather/weather2.png>
Package pdftex.def Info: images/weather/weather2.png  used on input line 26.
(pdftex.def)             Requested size: 25.6073pt x 25.60745pt.
File: images/weather/wind0.png Graphic file (type png)
<use images/weather/wind0.png>
Package pdftex.def Info: images/weather/wind0.png  used on input line 26.
(pdftex.def)             Requested size: 25.6073pt x 25.60768pt.
File: images/weather/blank.png Graphic file (type png)
<use images/weather/blank.png>
Package pdftex.def Info: images/weather/blank.png  used on input line 26.
(pdftex.def)             Requested size: 14.22636pt x 14.22607pt.
File: images/weather/weather2.png Graphic file (type png)
<use images/weather/weather2.png>
Package pdftex.def Info: images/weather/weather2.png  used on input line 26.
(pdftex.def)             Requested size: 25.6073pt x 25.60745pt.
File: images/weather/wind0.png Graphic file (type png)
<use images/weather/wind0.png>
Package pdftex.def Info: images/weather/wind0.png  used on input line 26.
(pdftex.def)             Requested size: 25.6073pt x 25.60768pt.
<images/moon/3.png, id=12, 32.12pt x 32.12pt>
File: images/moon/3.png Graphic file (type png)
<use images/moon/3.png>
Package pdftex.def Info: images/moon/3.png  used on input line 26.
(pdftex.def)             Requested size: 13.37282pt x 13.37267pt.
File: images/weather/weather1.png Graphic file (type png)
<use images/weather/weather1.png>
Package pdftex.def Info: images/weather/weather1.png  used on input line 26.
(pdftex.def)             Requested size: 25.6073pt x 25.60745pt.
File: images/weather/wind5.png Graphic file (type png)
<use images/weather/wind5.png>
Package pdftex.def Info: images/weather/wind5.png  used on input line 26.
(pdftex.def)             Requested size: 25.6073pt x 25.60768pt.
File: images/weather/blank.png Graphic file (type png)
<use images/weather/blank.png>
Package pdftex.def Info: images/weather/blank.png  used on input line 26.
(pdftex.def)             Requested size: 14.22636pt x 14.22607pt.
File: images/weather/weather1.png Graphic file (type png)
<use images/weather/weather1.png>
Package pdftex.def Info: images/weather/weather1.png  used on input line 26.
(pdftex.def)             Requested size: 25.6073pt x 25.60745pt.
File: images/weather/wind0.png Graphic file (type png)
<use images/weather/wind0.png>
Package pdftex.def Info: images/weather/wind0.png  used on input line 26.
(pdftex.def)             Requested size: 25.6073pt x 25.60768pt.
File: images/weather/blank.png Graphic file (type png)
<use images/weather/blank.png>
Package pdftex.def Info: images/weather/blank.png  used on input line 26.
(pdftex.def)             Requested size: 14.22636pt x 14.22607pt.
File: images/weather/weather1.png Graphic file (type png)
<use images/weather/weather1.png>
Package pdftex.def Info: images/weather/weather1.png  used on input line 26.
(pdftex.def)             Requested size: 25.6073pt x 25.60745pt.
File: images/weather/wind0.png Graphic file (type png)
<use images/weather/wind0.png>
Package pdftex.def Info: images/weather/wind0.png  used on input line 26.
(pdftex.def)             Requested size: 25.6073pt x 25.60768pt.
File: images/weather/blank.png Graphic file (type png)
<use images/weather/blank.png>
Package pdftex.def Info: images/weather/blank.png  used on input line 26.
(pdftex.def)             Requested size: 14.22636pt x 14.22607pt.
File: images/weather/weather1.png Graphic file (type png)
<use images/weather/weather1.png>
Package pdftex.def Info: images/weather/weather1.png  used on input line 26.
(pdftex.def)             Requested size: 25.6073pt x 25.60745pt.
File: images/weather/wind0.png Graphic file (type png)
<use images/weather/wind0.png>
Package pdftex.def Info: images/weather/wind0.png  used on input line 26.
(pdftex.def)             Requested size: 25.6073pt x 25.60768pt.
File: images/weather/blank.png Graphic file (type png)
<use images/weather/blank.png>
Package pdftex.def Info: images/weather/blank.png  used on input line 26.
(pdftex.def)             Requested size: 14.22636pt x 14.22607pt.
File: images/weather/weather1.png Graphic file (type png)
<use images/weather/weather1.png>
Package pdftex.def Info: images/weather/weather1.png  used on input line 26.
(pdftex.def)             Requested size: 25.6073pt x 25.60745pt.
File: images/weather/wind0.png Graphic file (type png)
<use images/weather/wind0.png>
Package pdftex.def Info: images/weather/wind0.png  used on input line 26.
(pdftex.def)             Requested size: 25.6073pt x 25.60768pt.
File: images/weather/blank.png Graphic file (type png)
<use images/weather/blank.png>
Package pdftex.def Info: images/weather/blank.png  used on input line 26.
(pdftex.def)             Requested size: 14.22636pt x 14.22607pt.
<images/weather/weather9.png, id=13, 55.20625pt x 55.20625pt>
File: images/weather/weather9.png Graphic file (type png)
<use images/weather/weather9.png>
Package pdftex.def Info: images/weather/weather9.png  used on input line 26.
(pdftex.def)             Requested size: 25.6073pt x 25.60745pt.
File: images/weather/wind0.png Graphic file (type png)
<use images/weather/wind0.png>
Package pdftex.def Info: images/weather/wind0.png  used on input line 26.
(pdftex.def)             Requested size: 25.6073pt x 25.60768pt.
File: images/weather/blank.png Graphic file (type png)
<use images/weather/blank.png>
Package pdftex.def Info: images/weather/blank.png  used on input line 26.
(pdftex.def)             Requested size: 14.22636pt x 14.22607pt.
File: images/weather/weather9.png Graphic file (type png)
<use images/weather/weather9.png>
Package pdftex.def Info: images/weather/weather9.png  used on input line 26.
(pdftex.def)             Requested size: 25.6073pt x 25.60745pt.
File: images/weather/wind0.png Graphic file (type png)
<use images/weather/wind0.png>
Package pdftex.def Info: images/weather/wind0.png  used on input line 26.
(pdftex.def)             Requested size: 25.6073pt x 25.60768pt.

Overfull \hbox (5.44164pt too wide) in paragraph at lines 26--27
 [][] 
 []

[1{/var/lib/texmf/fonts/map/pdftex/updmap/pdftex.map} <./images/moon/0.png> <./
images/weather/weather1.png> <./images/weather/wind0.png> <./images/weather/bla
nk.png> <./images/gods/manpeggon.png> <./images/weather/weather4.png> <./images
/moon/1.png> <./images/weather/weather2.png> <./images/moon/2.png> <./images/we
ather/wind5.png> <./images/moon/3.png> <./images/weather/weather9.png>]
(./weather.aux) ) 
Here is how much of TeX's memory you used:
 3334 strings out of 494340
 48668 string characters out of 6164411
 129234 words of memory out of 5000000
 6638 multiletter control sequences out of 15000+600000
 4860 words of font info for 18 fonts, out of 8000000 for 9000
 350 hyphenation exceptions out of 8191
 41i,15n,35p,1815b,394s stack positions out of 5000i,500n,10000p,200000b,80000s
</usr/share/texlive/texmf-dist/fonts/type1/public/amsfonts/cm/
cmbx12.pfb></usr/share/texlive/texmf-dist/fonts/type1/public/amsfonts/cm/cmr10.
pfb></usr/share/texlive/texmf-dist/fonts/type1/public/amsfonts/cm/cmss17.pfb>
Output written on weather.pdf (1 page, 40560 bytes).
PDF statistics:
 45 PDF objects out of 1000 (max. 8388607)
 14 compressed objects within 1 object stream
 0 named destinations out of 1000 (max. 500000)
 61 words of extra memory for PDF output out of 10000 (max. 10000000)

